Starting: Intent { cmp=com.snake/com.Entry }
[+0.153s] Gadget PID 215048
[+0ms] {"t": "boot", "ts": 0, "pid": 215048}
[+288ms] {"t": "modules_ready", "ts": 288}
[+289ms] {"t": "hooks_ready", "ts": 289}

=== APPEND @ +440ms sz=47 ===
  dst=0xb400fd0bc140eb10 src=0xb400fd0cb143c890
  src_str: bb67dd08ae5871fdc661acaa93efbcdbaa7c004aa6c2fc9
  src_hex_prefix: 62623637646430386165353837316664633636316163616139336566626364626161376330303461
  ALLOC MATCHES: 0 (out of 6 tracked allocs)

=== APPEND @ +1026ms sz=47 ===
  dst=0xb400fd0bc140e950 src=0xb400fd0cb1437990
  src_str: cea393fb5d91543952c5837b53cb899bcd6c9d32f36fe22
  src_hex_prefix: 63656133393366623564393135343339353263353833376235336362383939626364366339643332
  ALLOC MATCHES: 0 (out of 19 tracked allocs)

=== APPEND @ +1036ms sz=47 ===
  dst=0xb400fd0bc140e950 src=0xb400fd0cb1438510
  src_str: 732b1511c77716d0c9f1f43a7551fce1eb4f7eafc9252be
  src_hex_prefix: 37333262313531316337373731366430633966316634336137353531666365316562346637656166
  ALLOC MATCHES: 0 (out of 28 tracked allocs)

=== APPEND @ +1049ms sz=47 ===
  dst=0xb400fd0bc140e950 src=0xb400fd0cb1438510
  src_str: 64088cbc798d837f2024e9c0321f8eae761781826a4e463
  src_hex_prefix: 36343038386362633739386438333766323032346539633033323166386561653736313738313832
  ALLOC MATCHES: 0 (out of 37 tracked allocs)

=== APPEND @ +1062ms sz=47 ===
  dst=0xb400fd0bc140e950 src=0xb400fd0cb1438510
  src_str: 790174c5d07c4e00c6fc674484655dd4a7c51e4f0d5f608
  src_hex_prefix: 37393031373463356430376334653030633666633637343438343635356464346137633531653466
  ALLOC MATCHES: 0 (out of 46 tracked allocs)

=== APPEND @ +1270ms sz=47 ===
  dst=0xb400fd0bc14050a0 src=0xb400fd0cb1438390
  src_str: 751fb1231d3452a779807c5646d048ee0a8a93a2ed0cb70
  src_hex_prefix: 37353166623132333164333435326137373938303763353634366430343865653061386139336132
  ALLOC MATCHES: 0 (out of 400 tracked allocs)

=== APPEND @ +2335ms sz=47 ===
  dst=0xb400fd0bc14050a0 src=0xb400fd0cb144f9d0
  src_str: 751fb1231d3452a779807c5646d048ee0a8a93a2ed0cb70
  src_hex_prefix: 37353166623132333164333435326137373938303763353634366430343865653061386139336132
  ALLOC MATCHES: 0 (out of 400 tracked allocs)

=== APPEND @ +3402ms sz=47 ===
  dst=0xb400fd0bc14050a0 src=0xb400fd0cb1451e50
  src_str: 751fb1231d3452a779807c5646d048ee0a8a93a2ed0cb70
  src_hex_prefix: 37353166623132333164333435326137373938303763353634366430343865653061386139336132
  ALLOC MATCHES: 0 (out of 400 tracked allocs)

=== APPEND @ +4274ms sz=47 ===
  dst=0xb400fd0bc140ea30 src=0xb400fd0cb143b510
  src_str: d6f5068b2e2f55d747c78684444bf675ff7c1204a77be31
  src_hex_prefix: 64366635303638623265326635356437343763373836383434343462663637356666376331323034
  ALLOC MATCHES: 0 (out of 400 tracked allocs)

=== APPEND @ +4467ms sz=47 ===
  dst=0xb400fd0bc140d610 src=0xb400fd0cb143b6d0
  src_str: 751fb1231d3452a779807c5646d048ee0a8a93a2ed0cb70
  src_hex_prefix: 37353166623132333164333435326137373938303763353634366430343865653061386139336132
  ALLOC MATCHES: 0 (out of 400 tracked allocs)

=== APPEND @ +5545ms sz=47 ===
  dst=0xb400fd0bc14065a0 src=0xb400fd0cb145b490
  src_str: 751fb1231d3452a779807c5646d048ee0a8a93a2ed0cb70
  src_hex_prefix: 37353166623132333164333435326137373938303763353634366430343865653061386139336132
  ALLOC MATCHES: 0 (out of 400 tracked allocs)

=== APPEND @ +5981ms sz=47 ===
  dst=0xb400fd0bc140b930 src=0xb400fd0cb1463ed0
  src_str: b0d624f5a3380bb3037ea38046b332a0755c2ae83793dd7
  src_hex_prefix: 62306436323466356133333830626233303337656133383034366233333261303735356332616538
  ALLOC MATCHES: 0 (out of 400 tracked allocs)

=== APPEND @ +6615ms sz=47 ===
  dst=0xb400fd0bc1407720 src=0xb400fd0cb14655d0
  src_str: 751fb1231d3452a779807c5646d048ee0a8a93a2ed0cb70
  src_hex_prefix: 37353166623132333164333435326137373938303763353634366430343865653061386139336132
  ALLOC MATCHES: 0 (out of 400 tracked allocs)

=== APPEND @ +7707ms sz=47 ===
  dst=0xb400fd0bc140c8f0 src=0xb400fd0cb146e010
  src_str: 751fb1231d3452a779807c5646d048ee0a8a93a2ed0cb70
  src_hex_prefix: 37353166623132333164333435326137373938303763353634366430343865653061386139336132
  ALLOC MATCHES: 0 (out of 400 tracked allocs)

=== APPEND @ +8176ms sz=47 ===
  dst=0xb400fd0bc140b310 src=0xb400fd0cb146e510
  src_str: f40e38ecebc8df96c8acf74560778365b56517dee225917
  src_hex_prefix: 66343065333865636562633864663936633861636637343536303737383336356235363531376465
  ALLOC MATCHES: 0 (out of 400 tracked allocs)

=== APPEND @ +8203ms sz=47 ===
  dst=0xb400fd0bc140b310 src=0xb400fd0cb146e510
  src_str: 0c460ea866e6db5816693206df90623cb17b79cb1aeea14
  src_hex_prefix: 30633436306561383636653664623538313636393332303664663930363233636231376237396362
  ALLOC MATCHES: 1 (out of 400 tracked allocs)
    → addr=0xb400fd0b7141ef30 sz=64 caller=libengine.so+800290
      buf_hex[:96]: 0c460ea866e6db5816693206df90623cb17b79cb1aeea14e894ac51c932221b12a701d643dc2ba1ca4712bfe4ddc0090
      common_prefix_len: 47

=== APPEND @ +8214ms sz=95 ===
  dst=0xb400fd0b91454110 src=0xb400fd0bc140b310
  src_str: 0c460ea866e6db5816693206df90623cb17b79cb1aeea14e894ac51c932221b12a701d643dc2ba1ca4712bfe4ddc009
  src_hex_prefix: 30633436306561383636653664623538313636393332303664663930363233636231376237396362
  ALLOC MATCHES: 1 (out of 400 tracked allocs)
    → addr=0xb400fd0b7141ef30 sz=64 caller=libengine.so+800290
      buf_hex[:96]: 0c460ea866e6db5816693206df90623cb17b79cb1aeea14e894ac51c932221b12a701d643dc2ba1ca4712bfe4ddc0090
      common_prefix_len: 95

=== Z_WRITE @ +8217ms sz=98 ===
  dst=0xb400fd0af143bd72 src=0xb400fd0c11449ec0
  src_str: 0c460ea866e6db5816693206df90623cb17b79cb1aeea14e894ac51c932221b12a701d643dc2ba1ca4712bfe4ddc0090c2
  src_hex_prefix: 30633436306561383636653664623538313636393332303664663930363233636231376237396362
  ALLOC MATCHES: 1 (out of 400 tracked allocs)
    → addr=0xb400fd0b7141ef30 sz=64 caller=libengine.so+800290
      buf_hex[:96]: 0c460ea866e6db5816693206df90623cb17b79cb1aeea14e894ac51c932221b12a701d643dc2ba1ca4712bfe4ddc0090
      common_prefix_len: 98

=== APPEND @ +8788ms sz=47 ===
  dst=0xb400fd0bc140bd90 src=0xb400fd0cb146e310
  src_str: 751fb1231d3452a779807c5646d048ee0a8a93a2ed0cb70
  src_hex_prefix: 37353166623132333164333435326137373938303763353634366430343865653061386139336132
  ALLOC MATCHES: 0 (out of 400 tracked allocs)

[+9211ms] Z_SINK: GET /?z=0c460ea866e6db5816693206df90623cb17b79cb1aeea14e894ac51c932221b12a701d643dc2ba1ca4712bfe4ddc0090c2&v=20 HTTP/1.1
user-agent: Dart/3.5 (dart:io)
accept-encoding: gzip
host: push-918010152455

=== APPEND @ +9896ms sz=47 ===
  dst=0xb400fd0bc1408910 src=0xb400fd0cb146ff10
  src_str: 751fb1231d3452a779807c5646d048ee0a8a93a2ed0cb70
  src_hex_prefix: 37353166623132333164333435326137373938303763353634366430343865653061386139336132
  ALLOC MATCHES: 0 (out of 400 tracked allocs)

=== APPEND @ +10994ms sz=47 ===
  dst=0xb400fd0bc1408910 src=0xb400fd0cb146ff10
  src_str: 751fb1231d3452a779807c5646d048ee0a8a93a2ed0cb70
  src_hex_prefix: 37353166623132333164333435326137373938303763353634366430343865653061386139336132
  ALLOC MATCHES: 0 (out of 400 tracked allocs)

=== APPEND @ +12148ms sz=47 ===
  dst=0xb400fd0bc14099b0 src=0xb400fd0cb1469850
  src_str: 751fb1231d3452a779807c5646d048ee0a8a93a2ed0cb70
  src_hex_prefix: 37353166623132333164333435326137373938303763353634366430343865653061386139336132
  ALLOC MATCHES: 0 (out of 400 tracked allocs)

=== APPEND @ +13287ms sz=47 ===
  dst=0xb400fd0bc14099b0 src=0xb400fd0cb146ff10
  src_str: 751fb1231d3452a779807c5646d048ee0a8a93a2ed0cb70
  src_hex_prefix: 37353166623132333164333435326137373938303763353634366430343865653061386139336132
  ALLOC MATCHES: 0 (out of 400 tracked allocs)

=== APPEND @ +14370ms sz=47 ===
  dst=0xb400fd0bc14099b0 src=0xb400fd0cb1466f90
  src_str: 751fb1231d3452a779807c5646d048ee0a8a93a2ed0cb70
  src_hex_prefix: 37353166623132333164333435326137373938303763353634366430343865653061386139336132
  ALLOC MATCHES: 0 (out of 400 tracked allocs)

=== APPEND @ +15528ms sz=47 ===
  dst=0xb400fd0bc14099b0 src=0xb400fd0cb1466f90
  src_str: 751fb1231d3452a779807c5646d048ee0a8a93a2ed0cb70
  src_hex_prefix: 37353166623132333164333435326137373938303763353634366430343865653061386139336132
  ALLOC MATCHES: 0 (out of 400 tracked allocs)

=== APPEND @ +16684ms sz=47 ===
  dst=0xb400fd0bc1408910 src=0xb400fd0cb146b890
  src_str: 751fb1231d3452a779807c5646d048ee0a8a93a2ed0cb70
  src_hex_prefix: 37353166623132333164333435326137373938303763353634366430343865653061386139336132
  ALLOC MATCHES: 0 (out of 400 tracked allocs)

=== APPEND @ +17801ms sz=47 ===
  dst=0xb400fd0bc14089f0 src=0xb400fd0cb1468b10
  src_str: 751fb1231d3452a779807c5646d048ee0a8a93a2ed0cb70
  src_hex_prefix: 37353166623132333164333435326137373938303763353634366430343865653061386139336132
  ALLOC MATCHES: 0 (out of 400 tracked allocs)

=== APPEND @ +18986ms sz=47 ===
  dst=0xb400fd0bc14089f0 src=0xb400fd0cb146f550
  src_str: 751fb1231d3452a779807c5646d048ee0a8a93a2ed0cb70
  src_hex_prefix: 37353166623132333164333435326137373938303763353634366430343865653061386139336132
  ALLOC MATCHES: 0 (out of 400 tracked allocs)
