Starting: Intent { cmp=com.snake/com.Entry }
[*] Force-stopping snake...
[*] Starting snake...
[*] Polling for gadget listen...
[+0.153s] Gadget found (PID 25633)
[+0.154s] attached
[+0ms] {"t": "boot", "ts": 0, "pid": 25633}
[+0ms] {"t": "hook_ok", "target": "malloc", "ts": 0}
[+0ms] {"t": "init_done", "ts": 0}
[+0.196s] script loaded
[+695ms] {"t": "modules_loaded", "ts": 695, "flutter": "0xeb05f9586000", "engine": "0xeb0610a6c000", "libapp": "0xeb05f2825000", "flutter_size": 10960896, "engine_size": 8630272, "libapp_size": 5640192}
[+0ms] flutter exports found: 0
[+0ms] libapp exports sample:
   {'type': 'variable', 'name': '_kDartVmSnapshotInstructions', 'address': '0xeb05f2985000', 'size': 92944}
   {'type': 'variable', 'name': '_kDartIsolateSnapshotInstructions', 'address': '0xeb05f299bb40', 'size': 4085920}
   {'type': 'variable', 'name': '_kDartVmSnapshotData', 'address': '0xeb05f2825200', 'size': 16032}
   {'type': 'variable', 'name': '_kDartIsolateSnapshotData', 'address': '0xeb05f28290c0', 'size': 1378048}
   {'type': 'variable', 'name': '_kDartSnapshotBuildId', 'address': '0xeb05f28251c8', 'size': 32}
[+720ms] {"t": "all_hooks_installed", "ts": 720}

================================================================================
*** Z SINK HIT @ +1123ms ***
z_hex   : 0ced50e7debcdc8d5d82a8a9c79590f9295f902963893d10b43b5663e5e04d1549df67c9273cde2bea1f9bd476766696b8
z48     : ed50e7debcdc8d5d82a8a9c79590f9295f902963893d10b43b5663e5e04d1549df67c9273cde2bea1f9bd476766696b8
iv_hex  : ed50e7debcdc8d5d82a8a9c79590f929
ct_hex  : 5f902963893d10b43b5663e5e04d1549df67c9273cde2bea1f9bd476766696b8
RING size: 3000
N buffer_matches: 0
SINK backtrace (16 frames):
   {'addr': '0xeb05f9c5ab5c', 'mod': 'libflutter+6d4b5c'}
   {'addr': '0xeb05f9c5f260', 'mod': 'libflutter+6d9260'}
   {'addr': '0xeb05f9d77bfc', 'mod': 'libflutter+7f1bfc'}
   {'addr': '0xeb05f9d6e808', 'mod': 'libflutter+7e8808'}
   {'addr': '0xeb05f9e005b0', 'mod': 'libflutter+87a5b0'}
   {'addr': '0xeb05f9df1d78', 'mod': 'libflutter+86bd78'}
   {'addr': '0xeb05f9df1b08', 'mod': 'libflutter+86bb08'}
   {'addr': '0xeb05f9e850c4', 'mod': 'libflutter+8ff0c4'}
   {'addr': '0xeb05f9e49540', 'mod': 'libflutter+8c3540'}
   {'addr': '0xeb09247086ac', 'mod': '0xeb09247086ac'}
   {'addr': '0xeb09246a5220', 'mod': '0xeb09246a5220'}
Raw z48 locations in memory: 0
================================================================================

================================================================================
[*] Total events: 8
[*] Z SINK: 1, KDF: 0, AES_enc: 0, AES_dec: 0, FUN_167d38: 0, FLUTTER_syms: 0
[*] Full results saved to /tmp/proof_results2.json
