Regions: 3777

=== iv_and_ct16_A :: iv+ct16 raw ===
  region: 0xe1cd66dc0000-0xe1cd66dd0000 perm=rw-p path='' size=65536
  read 384 bytes:
    0xe1cd66dc58c0: 00340e64cde10000c01c536acde1000040580765cde1000000c064f8c8e10000
    0xe1cd66dc58e0: 300000000000000084587469cde100004048fc29cae10000ffffffffffffffff
    0xe1cd66dc5900: 0000000000000000d1efde70cde1000000136123cae100000000000000000000
    0xe1cd66dc5920: 00e0dd70cde1000000340e64cde10000008adff8c8e10000dc577169cde10000
    0xe1cd66dc5940: ad78fa57ac111a64e6719b4fd3a1b482d2ada646c90e99a90b53da5039ea62b2
    0xe1cd66dc5960: 0b53da5039ea62b2203466206433206131206234203832004000000000000000
    0xe1cd66dc5980: 2035302033392065612036322062322061372066392061342037392032622061
    0xe1cd66dc59a0: 0000000000000000000000000000000006186080061860800618608006186080
    0xe1cd66dc59c0: 0000000000000000000000000000000000000000000000000000000000000000
    0xe1cd66dc59e0: 0000000000000000000000000000000000000000000000000000000000000000
    0xe1cd66dc5a00: 0000000000000000000000000000000000000000000000000000000000000000
    0xe1cd66dc5a20: 0000000000000000000000000000000000000000000000000000000000000000

=== ct16_libapp_A :: libapp Dart heap ct A ===
  region: 0xe1ca224c6000-0xe1ca224f6000 perm=rw-p path='' size=196608
  read 384 bytes:
    0xe1ca224dc8f0: 00000000000000003100000000000000c057d05acde10000b8a0f484cde10000
    0xe1ca224dc910: 00000000000000000000000000000000800a0000000000003200000000000000
    0xe1ca224dc930: 010000000100000050214d22cae1000000000000000000000000000000000000
    0xe1ca224dc950: b00a000000000000320000000000000000000000000000000000000000000000
    0xe1ca224dc970: d2ada646c90e99a90b53da5039ea62b230000000000000004100000000000000
    0xe1ca224dc990: 1098815fcde10000d8a0f484cde10000d2ada646c90e99a90b53da5039ea62b2
    0xe1ca224dc9b0: 20346620643320613120623420383200200b0000000000003200000000000000
    0xe1ca224dc9d0: c00b6123cae10000f9ffffffffffffffe00b6123cae10000ffffffffffffffff
    0xe1ca224dc9f0: 70f6000000000000020100000000000000000000000000000000000000000000
    0xe1ca224dca10: 00ca4d22cae10000000000000000000010ca4d22cae100000000000000000000
    0xe1ca224dca30: 20ca4d22cae10000000000000000000030ca4d22cae100000000000000000000
    0xe1ca224dca50: 40ca4d22cae10000000000000000000050ca4d22cae100000000000000000000

=== ct16_libapp_B :: libapp Dart heap ct B ===
  region: 0xe1ca224c6000-0xe1ca224f6000 perm=rw-p path='' size=196608
  read 384 bytes:
    0xe1ca224dc920: 800a0000000000003200000000000000010000000100000050214d22cae10000
    0xe1ca224dc940: 00000000000000000000000000000000b00a0000000000003200000000000000
    0xe1ca224dc960: 00000000000000000000000000000000d2ada646c90e99a90b53da5039ea62b2
    0xe1ca224dc980: 300000000000000041000000000000001098815fcde10000d8a0f484cde10000
    0xe1ca224dc9a0: d2ada646c90e99a90b53da5039ea62b220346620643320613120623420383200
    0xe1ca224dc9c0: 200b0000000000003200000000000000c00b6123cae10000f9ffffffffffffff
    0xe1ca224dc9e0: e00b6123cae10000ffffffffffffffff70f60000000000000201000000000000
    0xe1ca224dca00: 0000000000000000000000000000000000ca4d22cae100000000000000000000
    0xe1ca224dca20: 10ca4d22cae10000000000000000000020ca4d22cae100000000000000000000
    0xe1ca224dca40: 30ca4d22cae10000000000000000000040ca4d22cae100000000000000000000
    0xe1ca224dca60: 50ca4d22cae10000000000000000000060ca4d22cae100000000000000000000
    0xe1ca224dca80: 70ca4d22cae10000000000000000000080ca4d22cae100000000000000000000

=== url_scudo :: URL in scudo ===
  region: 0xe1cbe0c08000-0xe1cbe0c88000 perm=rw-p path='[anon:scudo:primary]' size=524288
  read 384 bytes:
    0xe1cbe0c3fae1: 0000000000000000000000000000000000000000000000000000000101000008
    0xe1cbe0c3fb01: a109000000d2d500000000000000009968747470733a2f2f707573682d393138
    0xe1cbe0c3fb21: 3031303135323435352e6575726f70652d77657374312e72756e2e6170702f3f
    0xe1cbe0c3fb41: 7a3d306361643738666135376163313131613634653637313962346664336131
    0xe1cbe0c3fb61: 6234383264326164613634366339306539396139306235336461353033396561
    0xe1cbe0c3fb81: 3632623261376639613437393262616661313936376665353763383136333134
    0xe1cbe0c3fba1: 3034356126763d323000000000000008a108000000cf61000000000000000003
    0xe1cbe0c3fbc1: 000000020000005f006f000000000000000000040000006100750074006f0000
    0xe1cbe0c3fbe1: 000000030000005f00730063000000000000000500000045006e007400720079
    0xe1cbe0c3fc01: 000000030000005f0073006900000006000000c76058ef70c97e920000000000
    0xe1cbe0c3fc21: 0000000000000000000000000000000000000000000000000000000000000000
    0xe1cbe0c3fc41: 0000000000000000000000000000000000000000000000000000000000000008
