Scanning PID 26433 for 6 patterns...
  full_z48_raw: ad78fa57ac111a64e6719b4fd3a1b482d2ada646c90e99a90b53da5039ea62b2... (48 bytes)
  iv_raw: ad78fa57ac111a64e6719b4fd3a1b482 (16 bytes)
  ct_first16_raw: d2ada646c90e99a90b53da5039ea62b2 (16 bytes)
  z48_prefix_8: ad78fa57ac111a64 (8 bytes)
  hex_ascii_prefix: 3063616437386661353761633131316136346536373139623466643361316234 (32 bytes)
  url_prefix: 7a3d306361643738666135376163313131613634 (20 bytes)
Total readable regions: 2479

=== RESULTS ===

full_z48_raw: 0 hits

iv_raw: 1 hits
  addr=0xe1cd66dc5940 region=rw-p path=
    context_hex[:180]: 00136123cae10000000000000000000000e0dd70cde1000000340e64cde10000008adff8c8e10000dc577169cde10000ad78fa57ac111a64e6719b4fd3a1b482d2ada646c90e99a90b53da5039ea62b20b53da5039ea62b22034

ct_first16_raw: 3 hits
  addr=0xe1ca224dc970 region=rw-p path=
    context_hex[:180]: 00000000000000000000000000000000b00a000000000000320000000000000000000000000000000000000000000000d2ada646c90e99a90b53da5039ea62b2300000000000000041000000000000001098815fcde10000d8a0
  addr=0xe1ca224dc9a0 region=rw-p path=
    context_hex[:180]: d2ada646c90e99a90b53da5039ea62b2300000000000000041000000000000001098815fcde10000d8a0f484cde10000d2ada646c90e99a90b53da5039ea62b220346620643320613120623420383200200b0000000000003200
  addr=0xe1cd66dc5950 region=rw-p path=
    context_hex[:180]: 00e0dd70cde1000000340e64cde10000008adff8c8e10000dc577169cde10000ad78fa57ac111a64e6719b4fd3a1b482d2ada646c90e99a90b53da5039ea62b20b53da5039ea62b2203466206433206131206234203832004000

z48_prefix_8: 1 hits
  addr=0xe1cd66dc5940 region=rw-p path=
    context_hex[:180]: 00136123cae10000000000000000000000e0dd70cde1000000340e64cde10000008adff8c8e10000dc577169cde10000ad78fa57ac111a64e6719b4fd3a1b482d2ada646c90e99a90b53da5039ea62b20b53da5039ea62b22034

hex_ascii_prefix: 13 hits
  addr=0xe1ca224d18b9 region=rw-p path=
    context_hex[:180]: 0000000000000080a2f484cde1000003000000223a225a5f53494e4b5f484954222c227a5f6865785f66756c6c223a22306361643738666135376163313131613634653637313962346664336131623438326432616461363436
  addr=0xe1ca224d1ba9 region=rw-p path=
    context_hex[:180]: 73656e64222c227061796c6f6164223a7b2274223a225a5f53494e4b5f484954222c227a5f6865785f66756c6c223a22306361643738666135376163313131613634653637313962346664336131623438326432616461363436
  addr=0xe1ca224d1e99 region=rw-p path=
    context_hex[:180]: 1e4d22cae100000000000000000000000000000000000088a2f484cde10000040000007a5f6865785f66756c6c223a22306361643738666135376163313131613634653637313962346664336131623438326432616461363436
  addr=0xe1ca224d2189 region=rw-p path=
    context_hex[:180]: 214d22cae100000000000000000000000000000000000040266123cae10000020000007a5f6865785f66756c6c223a22306361643738666135376163313131613634653637313962346664336131623438326432616461363436
  addr=0xe1ca224d2541 region=rw-p path=
    context_hex[:180]: 73656e64222c227061796c6f6164223a7b2274223a225a5f53494e4b5f484954222c227a5f6865785f66756c6c223a22306361643738666135376163313131613634653637313962346664336131623438326432616461363436
  addr=0xe1ca224d2951 region=rw-p path=
    context_hex[:180]: 73656e64222c227061796c6f6164223a7b2274223a225a5f53494e4b5f484954222c227a5f6865785f66756c6c223a22306361643738666135376163313131613634653637313962346664336131623438326432616461363436
  addr=0xe1ca224d7e39 region=rw-p path=
    context_hex[:180]: 7d4d22cae1000000000000000000000000000000000000f0018d24cae100000c0000007a5f6865785f66756c6c223a22306361643738666135376163313131613634653637313962346664336131623438326432616461363436
  addr=0xe1ca23612829 region=rw-p path=
    context_hex[:180]: 00000000000000a0cf4c22cae1000000000000223a225a5f53494e4b5f484954222c227a5f6865785f66756c6c223a22306361643738666135376163313131613634653637313962346664336131623438326432616461363436
  addr=0xe1ca29fc5b01 region=rw-p path=
    context_hex[:180]: 000000000000007061796c6f6164223a7b2274223a225a5f53494e4b5f484954222c227a5f6865785f66756c6c223a22306361643738666135376163313131613634653637313962346664336131623438326432616461363436
  addr=0xe1ca2a337da2 region=rw-p path=
    context_hex[:180]: 0000000000000050017bcae1000000000000000000008100000000000000b069fb29cae10000b07e332acae100007a3d306361643738666135376163313131613634653637313962346664336131623438326432616461363436

url_prefix: 2 hits
  addr=0xe1ca2a337da0 region=rw-p path=
    context_hex[:180]: 06000000000000000050017bcae1000000000000000000008100000000000000b069fb29cae10000b07e332acae100007a3d30636164373866613537616331313161363465363731396234666433613162343832643261646136
  addr=0xe1cbe0c3fb41 region=rw-p path=[anon:scudo:primary]
    context_hex[:180]: 68747470733a2f2f707573682d3931383031303135323435352e6575726f70652d77657374312e72756e2e6170702f3f7a3d30636164373866613537616331313161363465363731396234666433613162343832643261646136
