Readable regions: 2481

=== iv_raw (1 hits) ===
  addr=0xe1cd66dc5940 perm=rw-p path='' region=0xe1cd66dc0000-0xe1cd66dd0000
    pre_hex: ...00136123cae10000000000000000000000e0dd70cde1000000340e64cde10000008adff8c8e10000dc577169cde10000
    at_hex : ad78fa57ac111a64e6719b4fd3a1b482d2ada646c90e99a90b53da5039ea62b20b53da5039ea62b22034662064332061

=== ct_first16 (3 hits) ===
  addr=0xe1ca224dc970 perm=rw-p path='' region=0xe1ca224c6000-0xe1ca224f6000
    pre_hex: ...00000000000000000000000000000000b00a000000000000320000000000000000000000000000000000000000000000
    at_hex : d2ada646c90e99a90b53da5039ea62b2300000000000000041000000000000001098815fcde10000d8a0f484cde10000
  addr=0xe1ca224dc9a0 perm=rw-p path='' region=0xe1ca224c6000-0xe1ca224f6000
    pre_hex: ...d2ada646c90e99a90b53da5039ea62b2300000000000000041000000000000001098815fcde10000d8a0f484cde10000
    at_hex : d2ada646c90e99a90b53da5039ea62b220346620643320613120623420383200200b0000000000003200000000000000
  addr=0xe1cd66dc5950 perm=rw-p path='' region=0xe1cd66dc0000-0xe1cd66dd0000
    pre_hex: ...00e0dd70cde1000000340e64cde10000008adff8c8e10000dc577169cde10000ad78fa57ac111a64e6719b4fd3a1b482
    at_hex : d2ada646c90e99a90b53da5039ea62b20b53da5039ea62b2203466206433206131206234203832004000000000000000

=== ct_last16 (0 hits) ===

=== ct_middle_8 (4 hits) ===
  addr=0xe1ca224dc978 perm=rw-p path='' region=0xe1ca224c6000-0xe1ca224f6000
    pre_hex: ...0000000000000000b00a000000000000320000000000000000000000000000000000000000000000d2ada646c90e99a9
    at_hex : 0b53da5039ea62b2300000000000000041000000000000001098815fcde10000d8a0f484cde10000
  addr=0xe1ca224dc9a8 perm=rw-p path='' region=0xe1ca224c6000-0xe1ca224f6000
    pre_hex: ...0b53da5039ea62b2300000000000000041000000000000001098815fcde10000d8a0f484cde10000d2ada646c90e99a9
    at_hex : 0b53da5039ea62b220346620643320613120623420383200200b0000000000003200000000000000
  addr=0xe1cd66dc5958 perm=rw-p path='' region=0xe1cd66dc0000-0xe1cd66dd0000
    pre_hex: ...00340e64cde10000008adff8c8e10000dc577169cde10000ad78fa57ac111a64e6719b4fd3a1b482d2ada646c90e99a9
    at_hex : 0b53da5039ea62b20b53da5039ea62b2203466206433206131206234203832004000000000000000
  addr=0xe1cd66dc5960 perm=rw-p path='' region=0xe1cd66dc0000-0xe1cd66dd0000
    pre_hex: ...008adff8c8e10000dc577169cde10000ad78fa57ac111a64e6719b4fd3a1b482d2ada646c90e99a90b53da5039ea62b2
    at_hex : 0b53da5039ea62b22034662064332061312062342038320040000000000000002035302033392065

=== full_48 (0 hits) ===

=== url_ascii (2 hits) ===
  addr=0xe1ca2a337da0 perm=rw-p path='' region=0xe1ca2a308000-0xe1ca2a338000
    pre_hex: ...06000000000000000050017bcae1000000000000000000008100000000000000b069fb29cae10000b07e332acae10000
    at_hex : 7a3d306361643738666135376163313131613634653637313962346664336131623438326432616461363436633930653939613930623533646135303339656136326232
  addr=0xe1cbe0c3fb41 perm=rw-p path='[anon:scudo:primary]' region=0xe1cbe0c08000-0xe1cbe0c88000
    pre_hex: ...68747470733a2f2f707573682d3931383031303135323435352e6575726f70652d77657374312e72756e2e6170702f3f
    at_hex : 7a3d306361643738666135376163313131613634653637313962346664336131623438326432616461363436633930653939613930623533646135303339656136326232
