=== HEAP KEY SCAN ===
HOOK READY
PUSH-918 INTERCEPTED - SCANNING HEAP FOR 32B KEY CANDIDATES
CAND @0x6ff424b8: 28e2f66fe7877ca0b091f96fbedfada270bb0170c088f76fb091f96f6c2701a8
CAND @0x6ff47c78: f8430a95ded8537afce4ca8c6cc734cfca30c824cc2dfe8ddef9fed09f010000
CAND @0x6ff47cb0: db5333e9583ca363ee78f6bf1ee5070cf6f3e8b7fce4f6c558e1fa141f080000
CAND @0x6ff47d58: 15f20fde6977b4a6660c59bb03e0dadf231fbfcc65cf8da95808803e2df70300
CAND @0x6ff47d90: 6bba4f5611558641013ebda81260465fb39bbbfffc0cc54fbb298038e2d31300
CAND @0x6ff47dc8: 17a48eaf56a99f470636b24b5de05fdc800aaafef040d98ea8d0801a6b236300
CAND @0x6ff47e38: 5106ee24778997fe9c4667641ce95c8595069bde885737f3756094967575ae09
CAND @0x6ff47e70: 961fa6b853aff5f8106104f68d8dd09aeb200759acb514c04de2e5f04b4b6830
CAND @0x6ff47ea8: f09d3e9ba26cccdc54e515cec5c312069aa423bd5d8c67c0846b7db47b7809f2
CAND @0x6ff47ee0: b41539082d1ffe4fa87a6d06ddd25d1e0237b2b1d4bd05c2971973866a5a2fba
CAND @0x6ff47f18: 856c1d29e19bf68f49652320511ed5970a137b7827b51ccaf67f3fa014c4eca2
CAND @0x6ff47f50: 9b1e93cd650bd1cf6ffab0a0959729f7345f675ac5898ff2d17f3d2167d49f2e
CAND @0x6ff47f88: 0999df03fd38150f2fe47423ecf5cfd308dc04c4dab0cdbc197f33a603261fe9
CAND @0x6ff47fc0: 2dfd5d13f11c6a4beb7448b19ccd0f232c4c18d4457404b0807b013f12be9b8d
CAND @0x6ff47ff8: e5f1d560b590127998486a760f044fafdc7c79245d4516708369073b5bb60ac4
CAND @0x6ff48030: 7bb92de48ad35c5dfa6a13504d148b6c4f705fb6d15a6f30910f2527c88f35d4
CAND @0x6ff48068: 6a9fe474b621d0d2e31661908265b71e8d31dd8f18c62cf2d54db9c3e8ce0b25
CAND @0x6ff480a0: 151d774890a8101e7372e5d18cfb9499c1f751cf7adedfba2d859ed28b0a3bb9
CAND @0x6ff480d8: 6c91536ad14a53963f3c7b19c0e9e8ffc7d6990c66585fa6e499181dbb34279e
CAND @0x6ff48110: 1cd7a1131776a0ef3d2d687fc0908cffe731013ffeb9dc3f77017b91a707c416
CAND @0x6ff48148: 90332962734e22ae35e2087dc2d3befd87f9053bf7a14f3f540767d74526d471
CAND @0x6ff48180: d401ceea4088ab660c6b2c71cc22baf4a7df1d27d4298e3ca52403355dbf2439
CAND @0x6ff481b8: 2809069644a959013e17de35feada2c7475e95c324d1c62e3ab70f09d2bcb71d
CAND @0x6ff481f0: ca2d1eee564ec0063674560df7652de666d7ead1b715e2e922944e2d1ab09694
CAND @0x6ff48230: f6e496a6b287c1210e45b042d3fde27e02359619976c6a91aee488e28270f1e6
CAND @0x6ff48270: ce78f2407da6c7a84659714d20f56e7a0c09ef7ff31e14d76877ac6c8e32b782
CAND @0x6ff482b0: 085cbc447240e64b61be3683a1c92a643e2dab7fc19a64330c555e1fc8fc938d
CAND @0x6ff482b8: 61be3683a1c92a643e2dab7fc19a64330c555e1fc8fc938dbc1209bc47030000
CAND @0x6ff482f0: 28ccad573b427f7be6b7119027f0d5f437e2577ec705f7003da9d79ce8efe3c3
CAND @0x6ff48330: cafc64b6284b7c69809758d0c5b02dc8176bb777e51cd304314e36108baf73d3
CAND @0x6ff48338: 809758d0c5b02dc8176bb777e51cd304314e36108baf73d369d4e25c01520000
CAND @0x6ff48370: f6eff88fcb776d0f82f5ba11dd73e4e8761795567b901f18f5860f51b76d4221
CAND @0x6ff48378: 82f5ba11dd73e4e8761795567b901f18f5860f51b76d422111266ed0069a0100
CAND @0x6ff483b0: d2afdccff956234d8acba6585143768c5275e9b068d29d78c9a24d9594244ca6
CAND @0x6ff483b8: 8acba6585143768c5275e9b068d29d78c9a24d9594244ca655be261222020800
CAND @0x6ff483f0: 1a6f4f0fe1b2b081b3f941bb96504fbe9c4a8f740b1c155bef2d84eae6b67c3f
CAND @0x6ff483f8: b3f941bb96504fbe9c4a8f740b1c155bef2d84eae6b67c3facb7c15aaa0a2800
CAND @0x6ff48430: 852b8d4c657e738881e049a8f1928cb70f75cc46398c69c7ace5949482926f3d
CAND @0x6ff48438: 81e049a8f1928cb70f75cc46398c69c7ace5949482926f3d5d96c8c55335c800
CAND @0x6ff48470: 9dd9c17efa7741aa87627149b8debe954e49fe611ebd0fe55f7ce8e68cdc2d33
CAND @0x6ff48478: 87627149b8debe954e49fe611ebd0fe55f7ce8e68cdc2d33d2efeadca20ae903
CAND @0x6ff484b0: 1240c979e4574753a6ec366f9959baec886ef7e997b14e79df6d8a82c04ee5ff
CAND @0x6ff484b8: a6ec366f9959baec886ef7e997b14e79df6d8a82c04ee5ff1aaf96502e358d13
CAND @0x6ff484f8: 3f9f122cffbfa39fac28d591f777895e5d25b48cc2897aff866bf192e709c261
CAND @0x6ff48530: d341a7e44f95f7213e1c5ddcfbbf321e5fcb29d9d557afd8d2ba84bfccb064fd
CAND @0x6ff48538: 3e1c5ddcfbbf321e5fcb29d9d557afd8d2ba84bfccb064fda219b7de8531cae8
CAND @0x6ff48578: 368dd14debbffd96dbf8d03d2db76c3b1ea697bdff73f7f22e8093599df7f28b
CAND @0x6ff485b0: ab6d5554cd942d5111c2178598bff4f249dc1435e2931f29973ef6b3fe43d5be
CAND @0x6ff485b8: 11c2178598bff4f249dc1435e2931f29973ef6b3fe43d5beea80e1bf12d6bebb
CAND @0x6ff485f8: 56ca7699fabdc7be714d68096be39dcdf338cf83f9532aba958467bf5d2ebaaa
Total high-entropy 32B candidates: 20051
First 50 dumped to log
